# JRE version: Java(TM) SE Runtime Environment (21.0.7+8) (build 21.0.7+8-LTS-245)
# Java VM: Java HotSpot(TM) 64-Bit Server VM (21.0.7+8-LTS-245, mixed mode, sharing, tiered, compressed oops, compressed class ptrs, g1 gc, windows-amd64)
GC Precious Log:
 CardTable entry size: 512
 Card Set container configuration: InlinePtr #cards 5 size 8 Array Of Cards #cards 12 size 40 Howl #buckets 4 coarsen threshold 1843 Howl Bitmap #cards 512 size 80 coarsen threshold 460 Card regions per heap region 1 cards per card region 2048
 CPUs: 4 total, 4 available
 Memory: 3909M
 Large Page Support: Disabled
 NUMA Support: Disabled
 Compressed Oops: Enabled (32-bit)
 Heap Region Size: 1M
 Heap Min Capacity: 8M
 Heap Initial Capacity: 62M
 Heap Max Capacity: 978M
 Pre-touch: Disabled
 Parallel Workers: 4
 Concurrent Workers: 1
 Concurrent Refinement Workers: 4
 Periodic GC: Disabled
Heap:
 garbage-first heap   total 63488K, used 39746K [0x00000000c2e00000, 0x0000000100000000)
  region size 1024K, 3 young (3072K), 2 survivors (2048K)
 Metaspace       used 13089K, committed 13312K, reserved 1114112K
  class space    used 1380K, committed 1472K, reserved 1048576K
GC Heap History (8 events):
Event: 2.462 GC heap before
{Heap before GC invocations=0 (full 0):
 garbage-first heap   total 63488K, used 20480K [0x00000000c2e00000, 0x0000000100000000)
  region size 1024K, 13 young (13312K), 0 survivors (0K)
 Metaspace       used 9185K, committed 9408K, reserved 1114112K
  class space    used 1047K, committed 1152K, reserved 1048576K
}
Event: 2.517 GC heap after
{Heap after GC invocations=1 (full 0):
 garbage-first heap   total 63488K, used 14208K [0x00000000c2e00000, 0x0000000100000000)
  region size 1024K, 2 young (2048K), 2 survivors (2048K)
 Metaspace       used 9185K, committed 9408K, reserved 1114112K
  class space    used 1047K, committed 1152K, reserved 1048576K
}
Event: 3.956 GC heap before
{Heap before GC invocations=1 (full 0):
 garbage-first heap   total 63488K, used 24448K [0x00000000c2e00000, 0x0000000100000000)
  region size 1024K, 12 young (12288K), 2 survivors (2048K)
 Metaspace       used 10712K, committed 10944K, reserved 1114112K
  class space    used 1204K, committed 1344K, reserved 1048576K
}
Event: 3.961 GC heap after
{Heap after GC invocations=2 (full 0):
 garbage-first heap   total 63488K, used 14897K [0x00000000c2e00000, 0x0000000100000000)
  region size 1024K, 1 young (1024K), 1 survivors (1024K)
 Metaspace       used 10712K, committed 10944K, reserved 1114112K
  class space    used 1204K, committed 1344K, reserved 1048576K
}
Event: 405.979 GC heap before
{Heap before GC invocations=2 (full 0):
 garbage-first heap   total 63488K, used 34353K [0x00000000c2e00000, 0x0000000100000000)
  region size 1024K, 12 young (12288K), 1 survivors (1024K)
 Metaspace       used 12955K, committed 13184K, reserved 1114112K
  class space    used 1368K, committed 1472K, reserved 1048576K
}
Event: 405.997 GC heap after
{Heap after GC invocations=3 (full 0):
 garbage-first heap   total 63488K, used 25422K [0x00000000c2e00000, 0x0000000100000000)
  region size 1024K, 2 young (2048K), 2 survivors (2048K)
 Metaspace       used 12955K, committed 13184K, reserved 1114112K
  class space    used 1368K, committed 1472K, reserved 1048576K
}
Event: 500.551 GC heap before
{Heap before GC invocations=3 (full 0):
 garbage-first heap   total 63488K, used 42830K [0x00000000c2e00000, 0x0000000100000000)
  region size 1024K, 13 young (13312K), 2 survivors (2048K)
 Metaspace       used 13074K, committed 13248K, reserved 1114112K
  class space    used 1378K, committed 1472K, reserved 1048576K
}
Event: 500.564 GC heap after
{Heap after GC invocations=4 (full 0):
 garbage-first heap   total 63488K, used 30530K [0x00000000c2e00000, 0x0000000100000000)
  region size 1024K, 2 young (2048K), 2 survivors (2048K)
 Metaspace       used 13074K, committed 13248K, reserved 1114112K
  class space    used 1378K, committed 1472K, reserved 1048576K
}

